Case #1: 0 960
Case #2: 126 1022
Case #3: 0 267386880
Case #4: 2 274877906942
Case #5: 0 68719476720
Case #6: 1073741822 1125899906842622
Case #7: 1 1
Case #8: 0 1125899906842620
Case #9: 0 0
Case #10: 0 8589934560
Case #11: 2147483646 70368744177662
Case #12: 0 17592186044288
Case #13: 0 68719476732
Case #14: 536870910 137438953470
Case #15: 1125899906842622 1125899906842622
Case #16: 126 126
Case #17: 2097150 1125899906842622
Case #18: 0 268419072
Case #19: 510 510
Case #20: 30 1022
Case #21: 0 8176
Case #22: 2 140737488355326
Case #23: 0 134217724
Case #24: 2 1125899906842622
Case #25: 0 28
Case #26: 0 70368744177660
Case #27: 4094 32766
Case #28: 0 2147483616
Case #29: 0 1125831187365888
Case #30: 510 2046
Case #31: 68719476734 68719476734
Case #32: 14 126
Case #33: 2 62
Case #34: 14 254
Case #35: 1022 17179869182
Case #36: 62 510
Case #37: 137438953470 1099511627774
Case #38: 2147483646 2147483646
Case #39: 62 1073741822
Case #40: 0 1048574
Case #41: 0 0
Case #42: 510 1125899906842622
Case #43: 0 28672
Case #44: 16382 17179869182
Case #45: 0 24
Case #46: 262142 536870910
Case #47: 1048574 140737488355326
Case #48: 30 8388606
Case #49: 2 2046
Case #50: 17179869183 17179869183
Case #51: 1125899906842623 1125899906842623
Case #52: 2 8388606
Case #53: 0 0
Case #54: 62 62
Case #55: 0 0
Case #56: 0 33292288
Case #57: 0 28
Case #58: 0 137438952960
Case #59: 0 4294967292
Case #60: 0 68719476732
Case #61: 0 17592186028032
Case #62: 6 254
Case #63: 4094 1125899906842622
Case #64: 0 2
Case #65: 0 0
Case #66: 16382 34359738366
Case #67: 8190 268435454
Case #68: 262142 34359738366
Case #69: 2 137438953470
Case #70: 0 34359738364
Case #71: 6 62
Case #72: 0 4
Case #73: 0 4
Case #74: 2147483646 35184372088830
Case #75: 510 1125899906842622
Case #76: 2 17179869182
Case #77: 0 2040
Case #78: 0 504
Case #79: 134217726 137438953470
Case #80: 0 8589934576
Case #81: 0 34359738366
Case #82: 0 1125899906840576
Case #83: 0 2147221504
Case #84: 30 1099511627774
Case #85: 2147483646 549755813886
Case #86: 6 30
Case #87: 0 68719476734
Case #88: 7 7
Case #89: 0 1125899906842622
Case #90: 67108863 67108863
Case #91: 0 28
Case #92: 1073741823 1073741823
Case #93: 0 1125899906838528
Case #94: 0 1125895611875328
Case #95: 0 1125899369971712
Case #96: 0 4294967294
Case #97: 0 32212254720
Case #98: 0 0
Case #99: 4094 65534
Case #100: 8190 262142
