Case #1: 0 16
Case #2: 0 4
Case #3: 0 512
Case #4: 6 1022
Case #5: 2 30
Case #6: 0 56
Case #7: 30 1022
Case #8: 0 224
Case #9: 2 254
Case #10: 0 0
Case #11: 254 254
Case #12: 0 28
Case #13: 0 56
Case #14: 0 504
Case #15: 0 56
Case #16: 0 28
Case #17: 0 496
Case #18: 6 510
Case #19: 0 62
Case #20: 1022 1022
Case #21: 14 30
Case #22: 0 56
Case #23: 0 4
Case #24: 0 12
Case #25: 0 0
Case #26: 14 254
Case #27: 2 62
Case #28: 2 30
Case #29: 62 1022
Case #30: 0 508
Case #31: 2 30
Case #32: 0 60
Case #33: 255 255
Case #34: 0 0
Case #35: 14 1022
Case #36: 2 6
Case #37: 2 30
Case #38: 7 7
Case #39: 0 960
Case #40: 0 124
Case #41: 30 510
Case #42: 6 14
Case #43: 0 248
Case #44: 2 6
Case #45: 0 48
Case #46: 2 254
Case #47: 0 0
Case #48: 1 1
Case #49: 6 6
Case #50: 2 1022
Case #51: 2 6
Case #52: 62 126
Case #53: 255 255
Case #54: 0 6
Case #55: 30 254
Case #56: 0 960
Case #57: 1023 1023
Case #58: 30 510
Case #59: 0 0
Case #60: 14 1022
Case #61: 0 252
Case #62: 0 1022
Case #63: 0 504
Case #64: 2 2
Case #65: 0 508
Case #66: 0 112
Case #67: 0 28
Case #68: 0 120
Case #69: 0 992
Case #70: 0 6
Case #71: 0 60
Case #72: 0 992
Case #73: 0 60
Case #74: 0 1020
Case #75: 126 510
Case #76: 6 62
Case #77: 0 28
Case #78: 2 30
Case #79: 30 30
Case #80: 0 60
Case #81: 0 4
Case #82: 2 14
Case #83: 6 14
Case #84: 0 0
Case #85: 0 60
Case #86: 15 15
Case #87: 0 126
Case #88: 0 28
Case #89: 6 62
Case #90: 0 240
Case #91: 0 48
Case #92: 0 896
Case #93: 0 1020
Case #94: 0 896
Case #95: 0 30
Case #96: 126 254
Case #97: 30 510
Case #98: 6 1022
Case #99: 0 254
Case #100: 254 254
