Case #1: 1
Case #2: 4 5 3 7 6 2 8 1
Case #3: 8 1 2 3 4 7 6 5
Case #4: 11 10 9 8 7 6 5 4 3 2 1 12 13 14 15 16 17 18 19 20
Case #5: 11 10 9 8 7 6 5 4 3 2 1 12 13 14 15 16 17 18 19 20
Case #6: 1 2 3 4 5 7 6 8 9 10 11 12 13 14 15 16 17 18 19 20
Case #7: 8 7 6 2 9 5 4 1 16 3 10 12 15 14 18 11 13 17
Case #8: 4 6 8 3 2 1 5 7 9 10 11 12 13 20 19 18 17 16 15 14
Case #9: 2 4 6 8 10 1 3 5 7 9 11
Case #10: 1 3 4 5 7 8 10 12 14 15 16 18 20 2 6 9 11 13 17 19
Case #11: 6 8 10 20 5 4 3 2 1 7 9 11 12 13 19 18 17 16 15 14
Case #12: 3 5 13 14 2 1 4 6 7 8 9 12 11 10
Case #13: 5 11 10 12 2 4 13 6 16 9 8 3 7 15 18 17 14 20 19 1
Case #14: 1 2 3 6 5 4
Case #15: 4 3 2 1 5 6 7 8 9 10 11 12 13
Case #16: 1 3 5 7 9 11 13 2 4 6 8 10 12 14 15 16 17 18 19 20
Case #17: 3 10 2 1 5 12 6 13 11 9 8 4 16 15 7 19 20 14 18 17
Case #18: 5 17 19 4 3 2 1 6 7 8 9 10 11 20 18 16 15 14 13 12
Case #19: 9 8 7 6 5 4 3 2 1 10 11 12 13 14 15 16 17
Case #20: 13 12 11 10 9 8 7 6 5 2 19 18 17 16 15 14 4 3 1
Case #21: 4 3 2 1 5 6 7
Case #22: 11 10 9 8 7 6 5 1 15 14 13 12 4 3 2
Case #23: 5 7 9 19 4 3 2 1 6 8 10 11 12 13 20 18 17 16 15 14
Case #24: 12 11 10 9 8 7 6 5 4 3 2 1 13 14 15 16 17 18 19 20
Case #25: 20 19 18 17 16 15 14 13 12 11 10 9 8 7 6 5 4 3 2 1
Case #26: 3 4 5 8 9 10 7 6 2 1
Case #27: 1 2 3 4 5 6 7 8 9 10 11 12 13 14 15 16 17 19 18 20
Case #28: 2 4 6 7 8 10 12 14 16 1 3 5 9 11 13 15 17 18 19 20
Case #29: 1 3 5 7 9 11 13 15 17 19 2 4 6 8 10 12 14 16 18 20
Case #30: 7 9 11 13 15 18 20 6 5 4 3 2 1 8 10 12 14 19 17 16
