30
8
278
86
25470
32432
2358
40509
2889
4463
109260
762
1006
15792
176
3882
1200
18294
304
9438
164944
11255
1592606
1551504
23841
4959091
3600306
599596
8
379716
144535336
46506
5717891
360248
29209
3014244
5956332
1477330
542990
420511
3607391
26863719
80346
266287634
310640717
39315963
36101663
8362
338315
4123661
445117
1861518
88099492794
118664788
150636202
77555178
14008570843
1535527
4649442583
56002796094
8577590863
35607829627
164882734
176503989
14115310006
9441056
76735350
355617648
124
