6
8
8
6
10
12
12
6
6
6
6
6
6
6
6
6
6
6
6
6
6
6
6
6
6
6
6
6
6
6
6
6
6
6
6
6
6
6
6
6
6
6
6
6
6
6
6
6
6
6
6
6
6
6
6
6
6
6
6
6
6
6
6
6
6
6
6
6
6
6
6
6
6
6
6
6
6
6
6
6
6
6
6
6
6
6
6
6
6
6
6
6
6
6
6
6
6
6
6
6
6
6
6
6
6
6
6
6
6
6
6
6
6
6
6
6
6
6
6
6
6
6
6
6
6
6
6
6
6
6
6
6
6
6
6
6
6
6
6
6
6
6
6
6
6
6
6
6
6
6
6
6
6
6
6
6
6
6
6
6
6
6
6
6
6
6
6
6
6
6
6
6
6
6
6
6
6
6
6
6
6
6
6
6
6
6
6
6
6
6
6
6
6
6
6
6
6
6
6
6
6
6
6
6
6
6
6
100
88
582
4
6
10
4
2
12
2
2
2
8
8
4
6
2
2
2
8
2
2
2
10
2
2
10
6
6
12
2
10
2
4
14
6
16
10
10
6
4
4
2
14
2
16
2
12
4
4
10
4
2
14
4
2
10
2
6
10
2
2
8
4
10
20
10
2
6
6
2
6
6
6
8
2
4
2
2
2
6
4
14
12
2
12
2
10
4
20
6
18
2
8
10
16
2
18
6
2
8
10
2
2
2
2
2
4
2
14
8
6
4
6
10
2
6
20
2
18
2
2
6
14
10
10
2
2
8
2
2
4
6
10
2
2
14
2
8
4
2
6
2
2
2
6
4
2
2
14
2
6
2
20
16
2
4
16
2
4
2
4
4
4
8
2
2
2
2
14
2
14
16
16
16
18
10
20
2
16
2
6
6
18
4
16
2
8
4
18
2
2
8
6
2
2
8
8
2
14
6
2
4
2
2
8
2
12
2
18
14
2
2
2
14
10
6
2
2
6
4
8
4
6
2
2
2
20
6
8
6
14
4
10
10
10
2
2
2
2
2
2
2
8
6
4
6
2
2
16
2
10
2
4
16
8
8
16
6
8
14
4
10
2
14
8
4
8
6
4
2
4
8
20
2
6
4
4
4
14
2
6
16
8
10
12
2
20
4
2
4
4
10
12
2
16
2
2
2
12
2
6
2
2
6
14
4
2
12
10
4
4
8
18
2
14
2
4
2
2
2
10
2
10
2
4
2
2
4
2
2
4
8
4
2
2
2
4
16
6
4
12
16
4
2
18
2
16
2
4
2
12
2
2
2
4
10
10
8
2
2
6
4
18
2
6
2
2
2
4
2
2
2
2
8
10
8
6
10
10
2
14
6
2
16
4
2
8
2
14
4
8
2
6
16
4
2
4
4
2
2
2
6
16
4
20
4
20
2
14
12
6
14
6
2
4
6
14
2
12
4
2
10
2
2
4
2
2
10
2
2
14
4
2
14
2
12
8
10
18
6
8
2
4
8
2
12
4
2
8
14
2
10
2
2
6
2
2
4
2
8
12
2
2
4
2
8
8
10
2
6
2
2
4
6
2
2
18
2
2
4
2
2
6
2
18
2
2
2
8
4
14
2
2
12
4
10
2
6
18
2
2
2
18
4
18
2
16
2
14
2
6
6
2
4
10
14
2
2
2
2
4
18
16
6
2
6
2
6
2
4
6
2
2
2
8
4
18
4
4
6
2
2
8
2
2
2
18
14
2
2
6
2
2
2
16
2
2
4
8
2
6
4
16
4
8
10
4
2
2
2
2
2
6
8
2
6
2
6
14
6
2
2
2
4
10
10
14
2
2
14
2
2
2
2
18
4
4
2
8
14
20
4
20
2
16
2
4
6
12
2
4
2
6
4
8
12
18
8
8
2
6
6
18
2
4
10
12
18
2
8
6
2
2
8
6
10
2
6
10
10
12
2
2
4
16
2
16
14
8
2
4
4
2
2
8
2
2
2
20
18
2
2
2
2
12
4
18
4
2
2
14
6
4
16
8
6
2
2
20
2
20
10
4
10
18
2
10
8
6
10
4
4
6
4
16
6
2
8
4
2
4
2
12
4
14
10
18
2
2
6
2
2
12
2
2
16
4
2
2
4
16
2
6
4
6
2
4
12
8
2
2
16
6
6
4
8
14
4
2
8
8
2
18
2
18
8
14
2
8
2
4
12
6
4
2
8
2
12
6
2
6
6
8
2
10
2
12
4
16
2
6
6
10
8
14
2
12
2
18
2
8
2
20
10
6
2
8
4
6
2
2
14
6
2
14
10
4
4
4
2
6
8
2
4
2
8
8
8
2
16
12
16
12
14
26
2
18
22
14
36
24
40
34
44
16
48
4
44
32
38
34
12
22
32
18
68
42
70
48
76
10
80
18
18
72
88
16
32
38
94
72
86
28
50
56
76
38
60
72
116
32
60
98
116
86
62
108
128
2
136
30
24
58
30
76
106
48
126
54
128
96
70
12
10
6
4
8
32
8
4
26
20
24
4
12
2
38
2
18
72
2
14
22
28
22
10
10
32
4
128
12
14
10
16
18
8
32
26
18
26
10
26
18
6
20
8
32
12
44
56
14
36
12
64
28
4
26
2
28
16
8
24
30
20
20
26
22
8
6
16
2
8
28
24
12
84
14
22
68
6
2
22
82
74
88
6
4
4
10
28
4
20
24
8
6
34
10
10
100
8
4
32
20
10
26
8
18
10
12
14
22
12
6
8
54
36
28
8
14
8
54
4
26
22
30
24
8
26
12
12
38
24
30
10
16
28
20
60
26
6
22
6
10
24
6
72
12
4
4
24
10
34
6
52
14
6
26
14
24
22
16
22
16
4
6
12
30
16
8
10
4
88
12
10
42
8
24
32
8
22
72
18
8
32
4
24
10
76
14
24
16
70
18
16
18
2
22
8
98
2
20
18
12
12
6
126
20
92
4
14
18
2
6
8
48
16
28
118
10
20
68
8
10
28
8
26
14
62
30
6
2
20
18
4
20
26
6
22
14
16
34
28
4
26
50
18
8
14
20
20
40
18
20
24
2
18
4
4
10
30
22
6
26
6
8
14
12
26
20
22
18
8
26
56
10
18
34
48
30
26
34
62
18
10
20
12
8
28
32
20
32
24
4
66
8
12
12
8
16
4
12
24
4
4
6
10
16
52
34
6
12
14
96
18
14
16
26
78
110
8
12
118
18
14
24
2
16
2
10
14
16
20
12
2
26
38
16
58
22
22
16
6
14
14
24
10
14
16
10
2
56
14
18
22
2
20
32
30
8
18
92
2
8
6
30
72
24
30
4
12
22
10
18
38
12
4
20
42
20
2
10
78
4
2
110
16
20
32
10
14
14
8
36
4
30
20
8
16
66
32
20
14
26
32
6
2
20
28
10
18
20
28
4
26
4
24
4
30
14
8
100
22
20
16
26
2
10
62
124
12
10
118
12
20
12
14
6
12
6
4
100
6
14
18
14
2
22
14
14
28
8
24
10
28
22
16
24
28
32
26
70
30
88
32
10
18
8
22
18
8
12
2
20
20
42
22
28
10
24
6
8
28
8
28
26
78
4
12
18
22
18
24
14
20
26
26
16
18
20
18
16
28
4
32
64
8
8
24
40
26
18
36
28
12
8
16
16
14
16
6
12
20
12
2
6
38
4
6
4
6
62
48
18
26
50
8
20
6
32
26
2
26
32
4
8
10
20
8
28
10
4
30
6
18
4
8
18
4
34
28
4
4
2
110
16
18
6
22
30
12
4
16
8
4
96
6
4
12
14
28
20
24
6
4
36
8
36
78
18
4
6
12
6
10
24
18
26
22
16
58
10
18
32
24
28
24
24
12
16
34
26
8
14
26
38
8
6
32
12
48
40
26
24
34
10
4
6
4
8
24
30
8
8
30
16
10
70
18
18
4
50
12
72
8
12
16
12
26
12
10
12
24
4
6
10
30
20
26
16
24
64
20
22
84
16
16
8
14
6
16
26
6
10
8
2
70
10
18
24
18
16
16
82
30
36
22
74
24
14
8
12
22
26
10
28
34
18
28
26
38
4
28
12
12
4
8
18
8
34
28
28
10
14
24
78
4
14
30
12
12
20
36
14
30
20
10
20
100
22
40
8
36
20
38
20
20
6
22
26
22
26
20
20
16
4
10
14
30
28
8
4
20
6
16
16
4
16
8
18
14
10
18
38
20
44
10
6
20
10
18
6
28
4
10
16
24
14
22
4
16
28
16
12
6
34
20
8
20
8
104
24
26
18
24
8
6
24
10
16
30
4
8
58
16
22
4
12
4
34
8
2
6
10
2
24
6
32
2
16
12
10
16
16
124
28
8
26
22
18
32
4
10
4
28
44
30
20
12
12
30
16
16
56
14
82
14
54
14
10
14
82
12
16
26
14
16
30
20
10
18
10
6
36
14
22
16
16
12
18
60
28
4
28
40
22
6
6
24
32
20
22
4
24
12
4
20
38
26
18
18
4
4
28
16
10
76
22
14
58
6
14
20
4
18
8
14
26
14
8
18
18
20
18
88
30
2
8
10
8
4
30
22
16
4
28
58
8
14
20
36
70
40
26
6
14
14
16
16
8
6
26
18
24
12
16
6
10
4
18
8
18
20
10
28
18
4
90
2
14
16
8
14
14
10
24
10
4
18
4
16
8
12
8
6
12
14
12
12
18
26
26
12
16
24
10
4
2
18
18
16
136
28
6
4
16
2
26
34
4
46
10
188
122
162
124
26
116
186
52
180
140
178
70
84
96
168
216
96
146
66
178
86
84
98
116
20
166
184
120
158
122
166
126
128
110
134
134
110
102
72
70
22
30
24
190
108
78
186
88
204
136
46
174
104
28
72
106
174
140
110
112
146
162
218
160
52
36
178
46
118
30
200
26
42
110
196
34
72
164
102
56
184
32
114
70
40
70
60
194
96
54
190
126
196
188
66
132
204
26
158
208
36
44
214
162
134
190
176
186
38
58
126
108
70
124
158
90
80
102
168
156
136
138
62
114
210
110
26
100
20
70
192
36
94
186
84
112
60
40
182
80
184
192
168
34
96
210
210
156
92
62
92
112
86
40
206
76
34
118
60
34
72
32
154
50
102
218
46
144
40
208
108
204
180
56
122
160
150
216
98
126
60
74
218
126
94
110
86
108
112
32
26
68
148
162
98
32
160
124
156
84
216
148
68
80
88
76
20
218
72
98
124
216
58
26
26
36
116
198
30
112
210
36
160
138
178
142
150
24
150
190
88
146
118
138
206
186
98
208
88
54
190
96
52
132
104
162
150
104
140
160
198
34
80
42
58
144
166
188
148
96
64
216
24
66
38
114
138
116
206
110
152
82
188
88
194
176
134
28
60
56
72
142
174
134
166
212
58
112
86
186
92
34
86
200
80
106
96
102
202
82
98
38
48
66
210
24
22
126
32
166
66
86
90
20
104
140
118
46
136
184
116
208
198
182
94
162
68
170
150
156
136
28
78
166
74
70
170
180
176
86
30
126
56
100
30
140
124
128
70
144
92
166
38
174
130
112
22
178
62
152
218
82
160
78
28
118
128
82
182
188
54
192
94
90
178
208
116
82
118
166
112
94
114
130
50
128
22
156
86
64
88
86
126
132
48
40
30
156
102
192
28
136
68
206
112
26
194
208
194
92
58
86
72
152
196
206
60
198
142
32
146
210
202
156
122
30
176
36
70
164
112
78
80
160
64
172
72
38
64
46
216
104
216
68
140
192
158
86
74
80
98
104
70
184
40
76
98
198
92
148
142
88
110
106
28
154
164
80
76
208
210
176
196
206
128
118
82
66
88
40
126
166
124
80
34
146
40
112
28
216
144
54
84
34
140
198
72
84
162
32
178
154
190
154
44
98
156
212
146
24
32
156
74
42
218
192
72
142
84
80
140
112
218
204
30
138
182
82
108
30
96
170
68
170
208
92
48
146
188
78
54
106
216
214
128
118
186
84
40
156
144
160
48
142
50
60
164
116
26
156
126
206
106
174
156
96
152
90
126
24
148
160
110
48
154
122
146
26
186
168
162
214
212
190
40
42
134
186
44
46
26
150
32
114
210
74
94
142
144
200
50
176
44
142
206
84
148
36
90
116
88
136
110
82
210
132
208
126
202
32
56
208
68
68
206
58
26
80
84
54
164
114
212
94
140
102
62
70
118
36
166
188
152
160
50
142
176
142
48
158
156
84
52
204
38
38
146
148
204
210
184
148
208
176
22
130
58
64
180
60
184
30
28
116
170
162
40
128
86
172
170
126
142
202
214
64
22
140
192
110
34
156
38
22
216
146
132
158
94
196
200
60
110
208
156
62
152
80
74
122
34
24
28
60
112
126
104
218
46
76
108
60
118
30
166
114
156
184
54
136
160
34
176
52
126
216
198
162
78
156
64
196
160
176
36
156
82
24
154
212
80
146
156
82
158
104
178
94
68
116
210
112
130
70
48
140
68
130
84
30
66
32
206
112
94
126
48
60
130
88
158
94
214
94
158
152
82
116
132
34
212
122
128
26
78
60
50
126
172
114
40
122
32
130
214
210
36
148
50
50
216
188
124
210
168
62
48
30
62
160
46
158
62
58
68
120
202
100
130
58
98
54
162
110
164
156
100
180
84
36
114
184
204
20
176
56
166
204
68
114
144
198
52
90
140
206
96
122
86
110
162
68
146
104
160
90
144
144
156
114
64
50
78
154
154
34
190
206
122
38
100
150
120
36
22
40
22
202
144
192
92
190
42
122
178
182
98
102
210
138
100
56
168
160
190
208
78
64
194
182
84
178
216
88
194
218
110
198
104
138
170
82
212
192
184
170
58
62
156
154
180
38
94
34
178
168
126
140
212
100
206
180
58
204
50
136
106
140
114
192
162
170
54
154
142
122
104
86
70
144
20
30
162
198
148
24
146
54
146
138
38
36
100
180
20
130
98
108
154
96
184
96
46
122
30
74
24
218
44
74
142
44
190
190
22
22
194
52
162
24
600
600
550
300
300
300
310
304
300
300
308
300
300
300
300
300
300
300
300
300
300
300
300
306
300
300
300
300
300
300
300
300
300
104
64
78
20
18
76
14
24
50
70
32
10
64
88
34
56
64
32
24
106
22
118
164
80
4
64
270
116
44
36
84
8
4
86
218
46
72
16
40
54
24
56
62
46
82
20
54
46
28
58
20
40
38
28
20
54
32
78
96
18
30
26
24
78
74
124
4
44
4
80
30
44
16
52
30
20
22
6
78
184
66
6
2
48
4
44
60
64
16
64
170
78
64
2
46
68
10
44
2
10
70
14
74
12
18
52
352
180
38
8
76
80
60
16
4
24
76
62
12
76
2
20
16
2
26
40
136
80
76
32
136
28
6
16
84
8
56
64
46
182
36
26
24
320
96
66
96
44
70
46
82
172
62
70
84
82
76
168
72
4
26
78
176
46
16
54
20
6
32
18
4
74
52
50
62
54
202
84
32
50
30
52
2
48
114
62
6
4
50
106
18
38
6
72
78
30
2
314
48
12
16
56
2
78
56
18
6
28
146
30
10
16
8
76
110
12
48
176
20
8
60
86
82
56
74
10
36
124
46
190
92
14
52
58
4
70
10
60
4
72
40
28
48
26
100
4
46
4
12
28
22
30
92
24
170
54
50
88
78
84
76
4
44
36
74
4
84
8
24
70
4
40
32
10
38
72
32
10
36
50
320
18
34
18
22
4
8
46
6
20
52
22
30
36
52
16
70
288
52
42
98
16
22
20
2
6
34
12
56
20
68
32
116
64
44
14
52
70
78
170
6
24
34
46
36
2
22
72
46
80
76
106
42
48
44
24
60
14
8
78
2
14
10
66
26
84
44
16
42
12
62
6
8
332
12
84
84
18
72
48
24
38
74
20
146
38
42
40
16
10
4
2
42
32
38
14
112
76
80
6
6
54
18
208
50
18
76
20
46
48
22
14
72
76
6
62
68
68
10
58
318
320
102
132
472
186
206
122
450
474
166
32
364
402
434
394
140
160
80
54
256
168
24
94
52
30
60
228
322
212
240
226
10
110
332
10
20
34
258
36
202
60
2
4
84
160
50
210
262
24
